<?xml version="1.0" encoding="UTF-8"?>
<!-- Generated by org.testng.reporters.JUnitReportReporter -->
<testsuite hostname="LAPTOP-TFRN4BHF" failures="0" tests="3" name="testNGPrograms.DataproviderProgram" time="13.104" errors="0" timestamp="2023-08-14T17:49:43 IST" skipped="0">
  <testcase classname="testNGPrograms.DataproviderProgram" name="openApp" time="3.749"/>
  <testcase classname="testNGPrograms.DataproviderProgram" name="openApp" time="5.375"/>
  <testcase classname="testNGPrograms.DataproviderProgram" name="openApp" time="3.980"/>
</testsuite> <!-- testNGPrograms.DataproviderProgram -->
