<?xml version="1.0" encoding="UTF-8"?>
<!-- Generated by org.testng.reporters.JUnitReportReporter -->
<testsuite hostname="LAPTOP-TFRN4BHF" failures="0" tests="3" name="testNGPrograms.Priority" time="0.006" errors="0" timestamp="2023-08-11T17:43:27 IST" skipped="1">
  <testcase classname="testNGPrograms.Priority" name="demo1" time="0.004"/>
  <testcase classname="testNGPrograms.Priority" name="demo1" time="0.002"/>
  <testcase classname="testNGPrograms.Priority" name="demo3">
    <skipped/>
  </testcase> <!-- demo3 -->
</testsuite> <!-- testNGPrograms.Priority -->
