<?xml version="1.0" encoding="UTF-8"?>
<!-- Generated by org.testng.reporters.JUnitReportReporter -->
<testsuite hostname="LAPTOP-TFRN4BHF" failures="0" tests="1" name="testNGPrograms.Assertions" time="5.178" errors="0" timestamp="2023-08-14T17:24:10 IST" skipped="0">
  <testcase classname="testNGPrograms.Assertions" name="login" time="5.178"/>
</testsuite> <!-- testNGPrograms.Assertions -->
