<?xml version="1.0" encoding="UTF-8"?>
<!-- Generated by org.testng.reporters.JUnitReportReporter -->
<testsuite hostname="LAPTOP-TFRN4BHF" failures="0" tests="1" name="testNGPrograms.Distrubuted_Parallel_Program_Amazon" time="95.888" errors="0" timestamp="2023-08-13T08:30:21 IST" skipped="0">
  <testcase classname="testNGPrograms.Distrubuted_Parallel_Program_Amazon" name="Amazon" time="95.888"/>
</testsuite> <!-- testNGPrograms.Distrubuted_Parallel_Program_Amazon -->
