<?xml version="1.0" encoding="UTF-8"?>
<!-- Generated by org.testng.reporters.JUnitReportReporter -->
<testsuite hostname="LAPTOP-TFRN4BHF" failures="0" tests="1" name="testNG_Group.Sample2" time="0.018" errors="0" timestamp="2023-08-14T16:16:11 IST" skipped="0">
  <testcase classname="testNG_Group.Sample2" name="demo4" time="0.018"/>
</testsuite> <!-- testNG_Group.Sample2 -->
