<?xml version="1.0" encoding="UTF-8"?>
<!-- Generated by org.testng.reporters.JUnitReportReporter -->
<testsuite hostname="LAPTOP-TFRN4BHF" failures="0" tests="3" name="testNGPrograms.Cross_Browser_Parallel_Amazon" time="36.824" errors="0" timestamp="2023-08-13T16:35:15 IST" skipped="0">
  <testcase classname="testNGPrograms.Cross_Browser_Parallel_Amazon" name="amazon" time="13.112"/>
  <testcase classname="testNGPrograms.Cross_Browser_Parallel_Amazon" name="amazon" time="13.256"/>
  <testcase classname="testNGPrograms.Cross_Browser_Parallel_Amazon" name="amazon" time="10.456"/>
</testsuite> <!-- testNGPrograms.Cross_Browser_Parallel_Amazon -->
