<?xml version="1.0" encoding="UTF-8"?>
<!-- Generated by org.testng.reporters.JUnitReportReporter -->
<testsuite hostname="LAPTOP-TFRN4BHF" failures="0" tests="2" name="testNGPrograms.Invocation" time="0.025" errors="0" timestamp="2023-08-11T17:43:27 IST" skipped="0">
  <testcase classname="testNGPrograms.Invocation" name="demo1" time="0.007"/>
  <testcase classname="testNGPrograms.Invocation" name="demo" time="0.018"/>
</testsuite> <!-- testNGPrograms.Invocation -->
