<?xml version="1.0" encoding="UTF-8"?>
<!-- Generated by org.testng.reporters.JUnitReportReporter -->
<testsuite hostname="LAPTOP-TFRN4BHF" failures="0" tests="1" name="testNGPrograms.Annotations" time="5.955" errors="0" timestamp="2023-08-14T16:43:18 IST" skipped="0">
  <testcase classname="testNGPrograms.Annotations" name="login" time="5.955"/>
</testsuite> <!-- testNGPrograms.Annotations -->
