<?xml version="1.0" encoding="UTF-8"?>
<!-- Generated by org.testng.reporters.JUnitReportReporter -->
<testsuite hostname="LAPTOP-TFRN4BHF" failures="0" tests="1" name="testNGPrograms.Distrubuted_Parallel_Program_Facebook" time="89.891" errors="0" timestamp="2023-08-13T08:41:57 IST" skipped="0">
  <testcase classname="testNGPrograms.Distrubuted_Parallel_Program_Facebook" name="Amazon" time="89.891"/>
</testsuite> <!-- testNGPrograms.Distrubuted_Parallel_Program_Facebook -->
