<?xml version="1.0" encoding="UTF-8"?>
<!-- Generated by org.testng.reporters.JUnitReportReporter -->
<testsuite hostname="LAPTOP-TFRN4BHF" failures="0" tests="1" name="testNGPrograms.FailTestNG" time="6.168" errors="0" timestamp="2023-08-13T16:51:16 IST" skipped="0">
  <testcase classname="testNGPrograms.FailTestNG" name="facebook" time="6.168"/>
</testsuite> <!-- testNGPrograms.FailTestNG -->
